Script handler ready. Waiting for a while to ensure all other mods are done messing with NEI.
Starting NEI Filter scripting. This might take a moment to load all the modules...
Engine: JAVASCRIPT
Setting up Java Library...
Setting up FML Library...
Setting up NEI Library...
Setting up CreativeTab library...
DragonAPI:minecraft:bed_technical has a bad registry name! Attempting to parse and reassemble correctly...
Parsed bad name into: modid: DragonAPI, name: minecraft:bed_technical. If this is not correct please report it as a bug!
The mod DragonAPI is registering items or blocks with bad registry names. Names should not contain multiple colons as it breaks the ability to do reverse-lookups through FML. Please tell whoever made this mod that this should be changed!
DragonAPI:minecraft:brewing_stand_technical has a bad registry name! Attempting to parse and reassemble correctly...
Parsed bad name into: modid: DragonAPI, name: minecraft:brewing_stand_technical. If this is not correct please report it as a bug!
DragonAPI:minecraft:cake_technical has a bad registry name! Attempting to parse and reassemble correctly...
Parsed bad name into: modid: DragonAPI, name: minecraft:cake_technical. If this is not correct please report it as a bug!
DragonAPI:minecraft:cauldron_technical has a bad registry name! Attempting to parse and reassemble correctly...
Parsed bad name into: modid: DragonAPI, name: minecraft:cauldron_technical. If this is not correct please report it as a bug!
DragonAPI:minecraft:flower_pot_technical has a bad registry name! Attempting to parse and reassemble correctly...
Parsed bad name into: modid: DragonAPI, name: minecraft:flower_pot_technical. If this is not correct please report it as a bug!
DragonAPI:minecraft:iron_door_technical has a bad registry name! Attempting to parse and reassemble correctly...
Parsed bad name into: modid: DragonAPI, name: minecraft:iron_door_technical. If this is not correct please report it as a bug!
DragonAPI:minecraft:lit_redstone_lamp_technical has a bad registry name! Attempting to parse and reassemble correctly...
Parsed bad name into: modid: DragonAPI, name: minecraft:lit_redstone_lamp_technical. If this is not correct please report it as a bug!
DragonAPI:minecraft:lit_redstone_ore_technical has a bad registry name! Attempting to parse and reassemble correctly...
Parsed bad name into: modid: DragonAPI, name: minecraft:lit_redstone_ore_technical. If this is not correct please report it as a bug!
DragonAPI:minecraft:melon_stem_technical has a bad registry name! Attempting to parse and reassemble correctly...
Parsed bad name into: modid: DragonAPI, name: minecraft:melon_stem_technical. If this is not correct please report it as a bug!
DragonAPI:minecraft:nether_wart_technical has a bad registry name! Attempting to parse and reassemble correctly...
Parsed bad name into: modid: DragonAPI, name: minecraft:nether_wart_technical. If this is not correct please report it as a bug!
DragonAPI:minecraft:piston_head_technical has a bad registry name! Attempting to parse and reassemble correctly...
Parsed bad name into: modid: DragonAPI, name: minecraft:piston_head_technical. If this is not correct please report it as a bug!
DragonAPI:minecraft:powered_comparator_technical has a bad registry name! Attempting to parse and reassemble correctly...
Parsed bad name into: modid: DragonAPI, name: minecraft:powered_comparator_technical. If this is not correct please report it as a bug!
DragonAPI:minecraft:powered_repeater_technical has a bad registry name! Attempting to parse and reassemble correctly...
Parsed bad name into: modid: DragonAPI, name: minecraft:powered_repeater_technical. If this is not correct please report it as a bug!
DragonAPI:minecraft:pumpkin_stem_technical has a bad registry name! Attempting to parse and reassemble correctly...
Parsed bad name into: modid: DragonAPI, name: minecraft:pumpkin_stem_technical. If this is not correct please report it as a bug!
DragonAPI:minecraft:redstone_wire_technical has a bad registry name! Attempting to parse and reassemble correctly...
Parsed bad name into: modid: DragonAPI, name: minecraft:redstone_wire_technical. If this is not correct please report it as a bug!
DragonAPI:minecraft:reeds_technical has a bad registry name! Attempting to parse and reassemble correctly...
Parsed bad name into: modid: DragonAPI, name: minecraft:reeds_technical. If this is not correct please report it as a bug!
DragonAPI:minecraft:skull_technical has a bad registry name! Attempting to parse and reassemble correctly...
Parsed bad name into: modid: DragonAPI, name: minecraft:skull_technical. If this is not correct please report it as a bug!
DragonAPI:minecraft:standing_sign_technical has a bad registry name! Attempting to parse and reassemble correctly...
Parsed bad name into: modid: DragonAPI, name: minecraft:standing_sign_technical. If this is not correct please report it as a bug!
DragonAPI:minecraft:tripwire_technical has a bad registry name! Attempting to parse and reassemble correctly...
Parsed bad name into: modid: DragonAPI, name: minecraft:tripwire_technical. If this is not correct please report it as a bug!
DragonAPI:minecraft:unlit_redstone_torch_technical has a bad registry name! Attempting to parse and reassemble correctly...
Parsed bad name into: modid: DragonAPI, name: minecraft:unlit_redstone_torch_technical. If this is not correct please report it as a bug!
DragonAPI:minecraft:unpowered_comparator_technical has a bad registry name! Attempting to parse and reassemble correctly...
Parsed bad name into: modid: DragonAPI, name: minecraft:unpowered_comparator_technical. If this is not correct please report it as a bug!
DragonAPI:minecraft:unpowered_repeater_technical has a bad registry name! Attempting to parse and reassemble correctly...
Parsed bad name into: modid: DragonAPI, name: minecraft:unpowered_repeater_technical. If this is not correct please report it as a bug!
DragonAPI:minecraft:wall_sign_technical has a bad registry name! Attempting to parse and reassemble correctly...
Parsed bad name into: modid: DragonAPI, name: minecraft:wall_sign_technical. If this is not correct please report it as a bug!
DragonAPI:minecraft:wheat_technical has a bad registry name! Attempting to parse and reassemble correctly...
Parsed bad name into: modid: DragonAPI, name: minecraft:wheat_technical. If this is not correct please report it as a bug!
DragonAPI:minecraft:wooden_door_technical has a bad registry name! Attempting to parse and reassemble correctly...
Parsed bad name into: modid: DragonAPI, name: minecraft:wooden_door_technical. If this is not correct please report it as a bug!
Found creative tab: tabBloodMagic
Found creative tab: misc
Found creative tab: actuallyadditions
Found creative tab: agricraft
Found creative tab: materials
Found creative tab: Aquaculture
Found creative tab: aroma1997core:creativetab
Found creative tab: aroma1997sdimension:creativeTabDW
Found creative tab: Automagy
Found creative tab: tab.backpacks
Found creative tab: tools
Found creative tab: BiblioCraft
Found creative tab: BiblioCraftLights
Found creative tab: BiblioWoodsNatura
Found creative tab: Botania
Found creative tab: buildingBlocks
Found creative tab: buildcraft.main
Found creative tab: buildcraft.pipes
Found creative tab: buildcraft.boards
Found creative tab: buildcraft.facades
Found creative tab: buildcraft.gates
Found creative tab: ComputerCraft
Found creative tab: CarpentersBlocks
Found creative tab: ChromatiCraft Worldgen
Found creative tab: ChromatiCraft Deco
Found creative tab: ChromatiCraft
Found creative tab: ChromatiCraft Tools
Found creative tab: ChromatiCraft Items
Found creative tab: CC Info Fragments
Found creative tab: compactmachines
Found creative tab: ElectriCraft
Found creative tab: EnderIO
Found creative tab: decorations
Found creative tab: EnderTechAll
Found creative tab: Expanded Redstone
Found creative tab: extratic.parts
Found creative tab: extratic.blocks
Found creative tab: extratic.items
Found creative tab: extratic.buckets
Found creative tab: extraUtil
Found creative tab: combat
Found creative tab: extraUtil_FMP
Found creative tab: forbidden
Found creative tab: mobcrystal
Found creative tab: forestry
Found creative tab: apiculture
Found creative tab: arboriculture
Found creative tab: lepidopterology
Found creative tab: transportation
Found creative tab: tabGraveStone
Found creative tab: ImmersiveEngineering
Found creative tab: jabba
Found creative tab: Logistics_Pipes
Found creative tab: redstone
Found creative tab: magicBees
Found creative tab: food
Found creative tab: Magneticraft|Industrial Age
Found creative tab: Magneticraft|Steam Age
Found creative tab: Magneticraft|Main
Found creative tab: Magneticraft|Electrical Age
Found creative tab: Magneticraft|Information Age
Found creative tab: tabMekanism
Found creative tab: MineFactory Reloaded
Found creative tab: modularCreativeTab
Found creative tab: natura.plants
Found creative tab: natura.nether
Found creative tab: natura.trees
Found creative tab: Nether Ores
Found creative tab: tabOpenBlocks
Found creative tab: tabOpenPeripheralAddons
Found creative tab: tabPneumaticCraft
Found creative tab: Practical Logistics
Found creative tab: TConstructBlocks
Found creative tab: core
Found creative tab: ill
Found creative tab: int
Found creative tab: trans
Found creative tab: rio
Found creative tab: railcraft
Found creative tab: Random Things
Found creative tab: ReactorCraft
Found creative tab: ReactorCraft Components
Found creative tab: ReactorCraft Items
Found creative tab: redstonearsenal.creativeTab
Found creative tab: RefinedRelocation
Found creative tab: RotaryCraft
Found creative tab: RotaryCraft Tools
Found creative tab: RotaryCraft Items
Found creative tab: Mod Ores
Found creative tab: Spawners
Found creative tab: tabSanguimancy
Found creative tab: solarflux
Found creative tab: sfm
Found creative tab: SC2Blocks
Found creative tab: SC2Modules
Found creative tab: SC2Items
Found creative tab: storageDrawers
Found creative tab: storageDrawersSorting
Found creative tab: storageDrawersNatura
Found creative tab: TConstructWeaponry
Found creative tab: TConstructParts
Found creative tab: TConstructTools
Found creative tab: TConstructMaterials
Found creative tab: TConstructEquipables
Found creative tab: TMechworks
Found creative tab: TabTU
Found creative tab: TaintedMagic
Found creative tab: thaumcraft
Found creative tab: thaumicExploration
Found creative tab: thaumichorizons
Found creative tab: ThaumicTinkerer
Found creative tab: brewing
Found creative tab: thermaldynamics.creativeTab
Found creative tab: thermaldynamics.creativeTabCovers
Found creative tab: thermalexpansion.creativeTabBlocks
Found creative tab: thermalexpansion.creativeTabItems
Found creative tab: thermalexpansion.creativeTabTools
Found creative tab: thermalexpansion.creativeTabFlorbs
Found creative tab: thermalfoundation.creativeTab
Found creative tab: thermalfoundation.creativeTabArmor
Found creative tab: thermalfoundation.creativeTabTools
Found creative tab: travellersgear
Found creative tab: WarpDrive
Found creative tab: witchinggadgets
Found creative tab: ztones
Found creative tab: bdew.generators
Found creative tab: bdew.ae2stuff
Found creative tab: aobd
Found creative tab: appliedenergistics2
Found creative tab: appliedenergistics2.facades
Found creative tab: arcaneengineering
Found creative tab: JordTab
Found creative tab: Ars Magica Items
Found creative tab: Ars Magica Blocks
Found creative tab: BuildcraftAdditions
Found creative tab: bcaCanisters
Found creative tab: bcaDusts
Found creative tab: Eureka
Found creative tab: knowledge
Found creative tab: buildersguides
Found creative tab: catwalks
Found creative tab: tabWoodChiselBlocks
Found creative tab: tabStairChiselBlocks
Found creative tab: tabModdedChiselBlocks
Found creative tab: tabStoneChiselBlocks
Found creative tab: tabOtherChiselBlocks
Found creative tab: tabChisel
Found creative tab: tabMetalChiselBlocks
Found creative tab: Ewy's Workshop
Found creative tab: Extra_Cells
Found creative tab: gadomancy
Found creative tab: bdew.gendustry
Found creative tab: bdew.samples
Found creative tab: bdew.templates
Found creative tab: guideapi.creativeTab
Found creative tab: iBench
Found creative tab: immersiveintegration
Found creative tab: irontank
Found creative tab: malisisdoors
Found creative tab: tabModularSystems
Found creative tab: openmodularturrets
Found creative tab: bdew.canisters
Found creative tab: bdew.pressure
Found creative tab: props.Main
Found creative tab: search
Found creative tab: tabQuantumFlux
Found creative tab: recallTab
Found creative tab: RfTools
Found creative tab: RfToolsDimlets
Found creative tab: tabSimplyJetpacks
Found creative tab: superMassiveTech
Found creative tab: Technomancy
Found creative tab: Thaumic Bases Blocks
Found creative tab: Thaumic Bases Items
Found creative tab: ThaumicEnergistics
Found creative tab: tabWitchery
Found creative tab: xreliquary
Setting up ForgeMicroblock Library...
Setting up ExtraUtilities Library...
Setting up BuildCraft Library...
Setting up Applied Energistics 2 Library...
Loading table of contents for module: custom_nei_filters, 1.0, Author: ftb
Bootstrap setting found. Loading: Bootstrap.js
Loading: ThermalExpansion.js
override called. Params: ThermalExpansion, florb, 0,1
Regex match found! ThermalExpansion:florb matches ThermalExpansion:florb.
Found ItemStack ThermalExpansion:florb. 16xitem.thermalexpansion.florb@0
Loading: ForgeMicroblock.js
getRandomMaterial called. Returned: ChromatiCraft:chromaticraft_block_dye_13
obliterate_microblocks called (version in info.inpureprojects.core.NEI.gtfoMicroblocks.ScriptObjects.ForgeMicroblockObject). Params: 1,2,4,257,258,260,513,514,516,769,770,772, ChromatiCraft:chromaticraft_block_dye_13
Loading: ExtraUtilities.js
override called. Params: ExtraUtilities, drum, 0,1
Regex match found! ExtraUtilities:drum matches ExtraUtilities:drum.
Found ItemStack ExtraUtilities:drum. 64xtile.extrautils:drum@0
getRandomMaterial called. Returned: ChromatiCraft:chromaticraft_block_dye_11
obliterate_microblocks called (version in info.inpureprojects.core.NEI.gtfoMicroblocks.ScriptObjects.ExtraUtilitiesObject). Params: 1,2,3, ChromatiCraft:chromaticraft_block_dye_11
Loading: BuildCraft.js
getFacadesSize called. Returned: 4167
obliterate_microblocks called (version in info.inpureprojects.core.NEI.gtfoMicroblocks.ScriptObjects.BCObject). Params: 1456
Loading: Bibliocraft.js
override called. Params: BiblioCraft, *, 0
Regex match found! BiblioCraft:* matches BiblioCraft:Armor Stand.
Regex match found! BiblioCraft:* matches BiblioCraft:BiblioBell.
Regex match found! BiblioCraft:* matches BiblioCraft:BiblioBorderlessPainting.
Regex match found! BiblioCraft:* matches BiblioCraft:BiblioCase.
Regex match found! BiblioCraft:* matches BiblioCraft:BiblioClipboard.
Regex match found! BiblioCraft:* matches BiblioCraft:BiblioClock.
Regex match found! BiblioCraft:* matches BiblioCraft:BiblioDesk.
Regex match found! BiblioCraft:* matches BiblioCraft:BiblioFancyPainting.
Regex match found! BiblioCraft:* matches BiblioCraft:BiblioFancySign.
Regex match found! BiblioCraft:* matches BiblioCraft:BiblioFlatPainting.
Regex match found! BiblioCraft:* matches BiblioCraft:BiblioIronLamp.
Regex match found! BiblioCraft:* matches BiblioCraft:BiblioIronLantern.
Regex match found! BiblioCraft:* matches BiblioCraft:BiblioLabel.
Regex match found! BiblioCraft:* matches BiblioCraft:BiblioLamp.
Regex match found! BiblioCraft:* matches BiblioCraft:BiblioLantern.
Regex match found! BiblioCraft:* matches BiblioCraft:BiblioMapFrames.
Regex match found! BiblioCraft:* matches BiblioCraft:BiblioMiddlePainting.
Regex match found! BiblioCraft:* matches BiblioCraft:BiblioPaintPress.
Regex match found! BiblioCraft:* matches BiblioCraft:BiblioPaneler.
Regex match found! BiblioCraft:* matches BiblioCraft:BiblioPotionShelf.
Regex match found! BiblioCraft:* matches BiblioCraft:BiblioRack.
Regex match found! BiblioCraft:* matches BiblioCraft:BiblioSeats.
Regex match found! BiblioCraft:* matches BiblioCraft:BiblioShelf.
Regex match found! BiblioCraft:* matches BiblioCraft:BiblioSimplePainting.
Regex match found! BiblioCraft:* matches BiblioCraft:BiblioStuffs.
Regex match found! BiblioCraft:* matches BiblioCraft:BiblioSwordPedestal.
Regex match found! BiblioCraft:* matches BiblioCraft:BiblioTable.
Regex match found! BiblioCraft:* matches BiblioCraft:BiblioTypewriter.
Regex match found! BiblioCraft:* matches BiblioCraft:BiblioWorkbench.
Regex match found! BiblioCraft:* matches BiblioCraft:Bibliotheca.
Regex match found! BiblioCraft:* matches BiblioCraft:BookcaseFilled.
Regex match found! BiblioCraft:* matches BiblioCraft:Printing Press.
Regex match found! BiblioCraft:* matches BiblioCraft:Typesetting Machine.
Regex match found! BiblioCraft:* matches BiblioCraft:item.AtlasBook.
Regex match found! BiblioCraft:* matches BiblioCraft:item.AtlasPlate.
Regex match found! BiblioCraft:* matches BiblioCraft:item.BiblioChase.
Regex match found! BiblioCraft:* matches BiblioCraft:item.BiblioClipboard.
Regex match found! BiblioCraft:* matches BiblioCraft:item.BiblioCreativeLock.
Regex match found! BiblioCraft:* matches BiblioCraft:item.BiblioDrill.
Regex match found! BiblioCraft:* matches BiblioCraft:item.BiblioGlasses.
Regex match found! BiblioCraft:* matches BiblioCraft:item.BiblioMapTool.
Regex match found! BiblioCraft:* matches BiblioCraft:item.BiblioRedBook.
Regex match found! BiblioCraft:* matches BiblioCraft:item.BiblioWayPointCompass.
Regex match found! BiblioCraft:* matches BiblioCraft:item.BigBook.
Regex match found! BiblioCraft:* matches BiblioCraft:item.DeathCompass.
Regex match found! BiblioCraft:* matches BiblioCraft:item.EnchantedPlate.
Regex match found! BiblioCraft:* matches BiblioCraft:item.FramingBoard.
Regex match found! BiblioCraft:* matches BiblioCraft:item.FramingSaw.
Regex match found! BiblioCraft:* matches BiblioCraft:item.FramingSheet.
Regex match found! BiblioCraft:* matches BiblioCraft:item.HandDrill.
Regex match found! BiblioCraft:* matches BiblioCraft:item.PaintingCanvas.
Regex match found! BiblioCraft:* matches BiblioCraft:item.PlumbLine.
Regex match found! BiblioCraft:* matches BiblioCraft:item.PrintPlate.
Regex match found! BiblioCraft:* matches BiblioCraft:item.RecipeBook.
Regex match found! BiblioCraft:* matches BiblioCraft:item.SlottedBook.
Regex match found! BiblioCraft:* matches BiblioCraft:item.StockroomCatalog.
Regex match found! BiblioCraft:* matches BiblioCraft:item.TesterItem.
Regex match found! BiblioCraft:* matches BiblioCraft:item.seatBack.
Regex match found! BiblioCraft:* matches BiblioCraft:item.seatBack2.
Regex match found! BiblioCraft:* matches BiblioCraft:item.seatBack3.
Regex match found! BiblioCraft:* matches BiblioCraft:item.seatBack4.
Regex match found! BiblioCraft:* matches BiblioCraft:item.seatBack5.
Regex match found! BiblioCraft:* matches BiblioCraft:item.tape.
Regex match found! BiblioCraft:* matches BiblioCraft:item.tapeMeasure.
Regex match found! BiblioCraft:* matches BiblioCraft:tile.BiblioFramedChest.
Found ItemStack BiblioCraft:Armor Stand. 64xtile.BiblioArmorStand@0
Found ItemStack BiblioCraft:BiblioBell. 64xtile.BiblioBell@0
Found ItemStack BiblioCraft:BiblioBorderlessPainting. 64xtile.BiblioBorderlessPainting@0
Found ItemStack BiblioCraft:BiblioCase. 64xtile.BiblioCase@0
Found ItemStack BiblioCraft:BiblioClipboard. 64xtile.BiblioClipboard@0
Found ItemStack BiblioCraft:BiblioClock. 64xtile.BiblioClock@0
Found ItemStack BiblioCraft:BiblioDesk. 64xtile.BiblioDesk@0
Found ItemStack BiblioCraft:BiblioFancyPainting. 64xtile.BiblioFancyPainting@0
Found ItemStack BiblioCraft:BiblioFancySign. 64xtile.BiblioFancySign@0
Found ItemStack BiblioCraft:BiblioFlatPainting. 64xtile.BiblioFlatPainting@0
Found ItemStack BiblioCraft:BiblioIronLamp. 64xtile.BiblioIronLamp@0
Found ItemStack BiblioCraft:BiblioIronLantern. 64xtile.BiblioIronLantern@0
Found ItemStack BiblioCraft:BiblioLabel. 64xtile.BiblioLabel@0
Found ItemStack BiblioCraft:BiblioLamp. 64xtile.BiblioLamp@0
Found ItemStack BiblioCraft:BiblioLantern. 64xtile.BiblioLantern@0
Found ItemStack BiblioCraft:BiblioMapFrames. 64xtile.BiblioMapFrames@0
Found ItemStack BiblioCraft:BiblioMiddlePainting. 64xtile.BiblioMiddlePainting@0
Found ItemStack BiblioCraft:BiblioPaintPress. 64xtile.BiblioPaintPress@0
Found ItemStack BiblioCraft:BiblioPaneler. 64xtile.BiblioPaneler@0
Found ItemStack BiblioCraft:BiblioPotionShelf. 64xtile.BiblioPotionShelf@0
Found ItemStack BiblioCraft:BiblioRack. 64xtile.BiblioRack@0
Found ItemStack BiblioCraft:BiblioSeats. 64xtile.BiblioSeats@0
Found ItemStack BiblioCraft:BiblioShelf. 64xtile.BiblioShelf@0
Found ItemStack BiblioCraft:BiblioSimplePainting. 64xtile.BiblioSimplePainting@0
Found ItemStack BiblioCraft:BiblioStuffs. 64xtile.BiblioStuffs@0
Found ItemStack BiblioCraft:BiblioSwordPedestal. 64xtile.BiblioSwordPedestal@0
Found ItemStack BiblioCraft:BiblioTable. 64xtile.BiblioTable@0
Found ItemStack BiblioCraft:BiblioTypewriter. 64xtile.BiblioTypewriter@0
Found ItemStack BiblioCraft:BiblioWorkbench. 64xtile.BiblioWorkbench@0
Found ItemStack BiblioCraft:Bibliotheca. 64xtile.BiblioBookcase@0
Found ItemStack BiblioCraft:BookcaseFilled. 64xtile.BookcaseFilled@0
Found ItemStack BiblioCraft:Printing Press. 64xtile.BiblioPress@0
Found ItemStack BiblioCraft:Typesetting Machine. 64xtile.BiblioType@0
Found ItemStack BiblioCraft:item.AtlasBook. 1xitem.AtlasBook@0
Found ItemStack BiblioCraft:item.AtlasPlate. 1xitem.AtlasPlate@0
Found ItemStack BiblioCraft:item.BiblioChase. 64xitem.BiblioChase@0
Found ItemStack BiblioCraft:item.BiblioClipboard. 1xitem.BiblioClipboard@0
Found ItemStack BiblioCraft:item.BiblioCreativeLock. 1xitem.BiblioCreativeLock@0
Found ItemStack BiblioCraft:item.BiblioDrill. 1xitem.BiblioDrill@0
Found ItemStack BiblioCraft:item.BiblioGlasses. 1xitem.BiblioGlasses@0
Found ItemStack BiblioCraft:item.BiblioMapTool. 1xitem.BiblioMapTool@0
Found ItemStack BiblioCraft:item.BiblioRedBook. 64xitem.BiblioRedBook@0
Found ItemStack BiblioCraft:item.BiblioWayPointCompass. 1xitem.BiblioWayPointCompass@0
Found ItemStack BiblioCraft:item.BigBook. 1xitem.BigBook@0
Found ItemStack BiblioCraft:item.DeathCompass. 64xitem.DeathCompass@0
Found ItemStack BiblioCraft:item.EnchantedPlate. 1xitem.EnchantedPlate@0
Found ItemStack BiblioCraft:item.FramingBoard. 64xitem.FramingBoard@0
Found ItemStack BiblioCraft:item.FramingSaw. 1xitem.FramingSaw@0
Found ItemStack BiblioCraft:item.FramingSheet. 64xitem.FramingSheet@0
Found ItemStack BiblioCraft:item.HandDrill. 1xitem.HandDrill@0
Found ItemStack BiblioCraft:item.PaintingCanvas. 64xitem.PaintingCanvas@0
Found ItemStack BiblioCraft:item.PlumbLine. 1xitem.PlumbLine@0
Found ItemStack BiblioCraft:item.PrintPlate. 1xitem.PrintPlate@0
Found ItemStack BiblioCraft:item.RecipeBook. 1xitem.RecipeBook@0
Found ItemStack BiblioCraft:item.SlottedBook. 1xitem.SlottedBook@0
Found ItemStack BiblioCraft:item.StockroomCatalog. 1xitem.StockroomCatalog@0
Found ItemStack BiblioCraft:item.TesterItem. 1xitem.TesterItem@0
Found ItemStack BiblioCraft:item.seatBack. 64xitem.seatBack@0
Found ItemStack BiblioCraft:item.seatBack2. 64xitem.seatBack@0
Found ItemStack BiblioCraft:item.seatBack3. 64xitem.seatBack@0
Found ItemStack BiblioCraft:item.seatBack4. 64xitem.seatBack@0
Found ItemStack BiblioCraft:item.seatBack5. 64xitem.seatBack@0
Found ItemStack BiblioCraft:item.tape. 64xitem.tape@0
Found ItemStack BiblioCraft:item.tapeMeasure. 1xitem.tapeMeasure@0
Found ItemStack BiblioCraft:tile.BiblioFramedChest. 64xtile.BiblioFramedChest@0
hide called. Params: BiblioWoodsNatura, *
Regex match found! BiblioWoodsNatura:* matches BiblioWoodsNatura:BiblioWoodBookcase.
Regex match found! BiblioWoodsNatura:* matches BiblioWoodsNatura:BiblioWoodClock.
Regex match found! BiblioWoodsNatura:* matches BiblioWoodsNatura:BiblioWoodFancySign.
Regex match found! BiblioWoodsNatura:* matches BiblioWoodsNatura:BiblioWoodFancyWorkbench.
Regex match found! BiblioWoodsNatura:* matches BiblioWoodsNatura:BiblioWoodMapFrame.
Regex match found! BiblioWoodsNatura:* matches BiblioWoodsNatura:BiblioWoodPaintingT0.
Regex match found! BiblioWoodsNatura:* matches BiblioWoodsNatura:BiblioWoodPaintingT1.
Regex match found! BiblioWoodsNatura:* matches BiblioWoodsNatura:BiblioWoodPaintingT2.
Regex match found! BiblioWoodsNatura:* matches BiblioWoodsNatura:BiblioWoodPaintingT3.
Regex match found! BiblioWoodsNatura:* matches BiblioWoodsNatura:BiblioWoodPaintingT4.
Regex match found! BiblioWoodsNatura:* matches BiblioWoodsNatura:BiblioWoodSeat.
Regex match found! BiblioWoodsNatura:* matches BiblioWoodsNatura:BiblioWoodcase0.
Regex match found! BiblioWoodsNatura:* matches BiblioWoodsNatura:BiblioWooddesk.
Regex match found! BiblioWoodsNatura:* matches BiblioWoodsNatura:BiblioWoodlabel.
Regex match found! BiblioWoodsNatura:* matches BiblioWoodsNatura:BiblioWoodpotshelf.
Regex match found! BiblioWoodsNatura:* matches BiblioWoodsNatura:BiblioWoodrack.
Regex match found! BiblioWoodsNatura:* matches BiblioWoodsNatura:BiblioWoodshelf.
Regex match found! BiblioWoodsNatura:* matches BiblioWoodsNatura:BiblioWoodtable.
Regex match found! BiblioWoodsNatura:* matches BiblioWoodsNatura:seatBack1.
Regex match found! BiblioWoodsNatura:* matches BiblioWoodsNatura:seatBack2.
Regex match found! BiblioWoodsNatura:* matches BiblioWoodsNatura:seatBack3.
Regex match found! BiblioWoodsNatura:* matches BiblioWoodsNatura:seatBack4.
Regex match found! BiblioWoodsNatura:* matches BiblioWoodsNatura:seatBack5.
Found ItemStack BiblioWoodsNatura:BiblioWoodBookcase. 64xtile.BiblioWoodBookcase@0
Found ItemStack BiblioWoodsNatura:BiblioWoodClock. 64xtile.BiblioWoodClock@0
Found ItemStack BiblioWoodsNatura:BiblioWoodFancySign. 64xtile.BiblioWoodFancySign@0
Found ItemStack BiblioWoodsNatura:BiblioWoodFancyWorkbench. 64xtile.BiblioWoodFancyWorkbench@0
Found ItemStack BiblioWoodsNatura:BiblioWoodMapFrame. 64xtile.BiblioWoodMapFrame@0
Found ItemStack BiblioWoodsNatura:BiblioWoodPaintingT0. 64xtile.BiblioWoodPaintingT0@0
Found ItemStack BiblioWoodsNatura:BiblioWoodPaintingT1. 64xtile.BiblioWoodPaintingT1@0
Found ItemStack BiblioWoodsNatura:BiblioWoodPaintingT2. 64xtile.BiblioWoodPaintingT2@0
Found ItemStack BiblioWoodsNatura:BiblioWoodPaintingT3. 64xtile.BiblioWoodPaintingT3@0
Found ItemStack BiblioWoodsNatura:BiblioWoodPaintingT4. 64xtile.BiblioWoodPaintingT4@0
Found ItemStack BiblioWoodsNatura:BiblioWoodSeat. 64xtile.BiblioWoodSeat@0
Found ItemStack BiblioWoodsNatura:BiblioWoodcase0. 64xtile.BiblioWoodcase@0
Found ItemStack BiblioWoodsNatura:BiblioWooddesk. 64xtile.BiblioWooddesk@0
Found ItemStack BiblioWoodsNatura:BiblioWoodlabel. 64xtile.BiblioWoodlabel@0
Found ItemStack BiblioWoodsNatura:BiblioWoodpotshelf. 64xtile.BiblioWoodpotshelf@0
Found ItemStack BiblioWoodsNatura:BiblioWoodrack. 64xtile.BiblioWoodrack@0
Found ItemStack BiblioWoodsNatura:BiblioWoodshelf. 64xtile.BiblioWoodshelf@0
Found ItemStack BiblioWoodsNatura:BiblioWoodtable. 64xtile.BiblioWoodtable@0
Found ItemStack BiblioWoodsNatura:seatBack1. 64xitem.seatBack@0
Found ItemStack BiblioWoodsNatura:seatBack2. 64xitem.seatBack@0
Found ItemStack BiblioWoodsNatura:seatBack3. 64xitem.seatBack@0
Found ItemStack BiblioWoodsNatura:seatBack4. 64xitem.seatBack@0
Found ItemStack BiblioWoodsNatura:seatBack5. 64xitem.seatBack@0
Loading: AppliedEnergistics2.js
getFacadeItem called. Returned: appliedenergistics2:item.ItemFacade
getSubTypes called.
getNumberOfTypes called. Returned: 2919
override called. Params: appliedenergistics2, item.ItemFacade, 1398
Regex match found! appliedenergistics2:item.ItemFacade matches appliedenergistics2:item.ItemFacade.
Found ItemStack appliedenergistics2:item.ItemFacade. 64xitem.appliedenergistics2.ItemFacade@0
override called. Params: extracells, pattern.fluid, 0
Regex match found! extracells:pattern.fluid matches extracells:pattern.fluid.
Found ItemStack extracells:pattern.fluid. 1xitem.extracells.pattern.fluid@0
Loading: Tcon.js
override called. Params: TConstruct, creativeModifier, 0
Regex match found! TConstruct:creativeModifier matches TConstruct:creativeModifier.
Found ItemStack TConstruct:creativeModifier. 64xitem.tconstruct.modifier.creative@0
hide called. Params: TConstruct, Boneana
Regex match found! TConstruct:Boneana matches TConstruct:Boneana.
Found ItemStack TConstruct:Boneana. 1xitem.InfiTool.Broadsword@0
hide called. Params: TConstruct, potionLauncher
Regex match found! TConstruct:potionLauncher matches TConstruct:potionLauncher.
Found ItemStack TConstruct:potionLauncher. 1xitem.tconstruct.PotionLauncher@0
hide called. Params: TConstruct, HeldItemBlock
Regex match found! TConstruct:HeldItemBlock matches TConstruct:HeldItemBlock.
Found ItemStack TConstruct:HeldItemBlock. 64xtile.Frypan@0
hide called. Params: TConstruct, BattleSignBlock
Regex match found! TConstruct:BattleSignBlock matches TConstruct:BattleSignBlock.
Found ItemStack TConstruct:BattleSignBlock. 64xtile.Battlesign@0
Loading: AgriCraft.js
override called. Params: AgriCraft, waterTank, 0
Regex match found! AgriCraft:waterTank matches AgriCraft:waterTank.
Found ItemStack AgriCraft:waterTank. 64xtile.agricraft:waterTank@0
override called. Params: AgriCraft, waterChannel, 0
Regex match found! AgriCraft:waterChannel matches AgriCraft:waterChannel.
Found ItemStack AgriCraft:waterChannel. 64xtile.agricraft:waterChannel@0
override called. Params: AgriCraft, channelValve, 0
Regex match found! AgriCraft:channelValve matches AgriCraft:channelValve.
Found ItemStack AgriCraft:channelValve. 64xtile.agricraft:channelValve@0
Loading: HarvestCraft.js
hide called. Params: harvestcraft, ovenon
hide called. Params: harvestcraft, churnon
hide called. Params: harvestcraft, quernon
hide called. Params: harvestcraft, pamApple
hide called. Params: harvestcraft, pamAlmond
hide called. Params: harvestcraft, pamApricot
hide called. Params: harvestcraft, pamAvocado
hide called. Params: harvestcraft, pamBanana
hide called. Params: harvestcraft, pamCashew
hide called. Params: harvestcraft, pamCherry
hide called. Params: harvestcraft, pamChestnut
hide called. Params: harvestcraft, pamCinnamon
hide called. Params: harvestcraft, pamCoconut
hide called. Params: harvestcraft, pamDate
hide called. Params: harvestcraft, pamDragonfruit
hide called. Params: harvestcraft, pamDurian
hide called. Params: harvestcraft, pamFig
hide called. Params: harvestcraft, pamGrapefruit
hide called. Params: harvestcraft, pamLemon
hide called. Params: harvestcraft, pamLime
hide called. Params: harvestcraft, pamMaple
hide called. Params: harvestcraft, pamMango
hide called. Params: harvestcraft, pamNutmeg
hide called. Params: harvestcraft, pamOlive
hide called. Params: harvestcraft, pamOrange
hide called. Params: harvestcraft, pamPapaya
hide called. Params: harvestcraft, pamPaperbark
hide called. Params: harvestcraft, pamPeach
hide called. Params: harvestcraft, pamPear
hide called. Params: harvestcraft, pamPecan
hide called. Params: harvestcraft, pamPeppercorn
hide called. Params: harvestcraft, pamPersimmon
hide called. Params: harvestcraft, pamPistachio
hide called. Params: harvestcraft, pamPlum
hide called. Params: harvestcraft, pamPomegranate
hide called. Params: harvestcraft, pamStarfruit
hide called. Params: harvestcraft, pamVanillabean
hide called. Params: harvestcraft, pamWalnut
hide called. Params: harvestcraft, pamblackberryCrop
hide called. Params: harvestcraft, pamblueberryCrop
hide called. Params: harvestcraft, pamcandleberryCrop
hide called. Params: harvestcraft, pamraspberryCrop
hide called. Params: harvestcraft, pamstrawberryCrop
hide called. Params: harvestcraft, pamcactusfruitCrop
hide called. Params: harvestcraft, pamasparagusCrop
hide called. Params: harvestcraft, pambarleyCrop
hide called. Params: harvestcraft, pamoatsCrop
hide called. Params: harvestcraft, pamryeCrop
hide called. Params: harvestcraft, pamcornCrop
hide called. Params: harvestcraft, pambambooshootCrop
hide called. Params: harvestcraft, pamcantaloupeCrop
hide called. Params: harvestcraft, pamcucumberCrop
hide called. Params: harvestcraft, pamwintersquashCrop
hide called. Params: harvestcraft, pamzucchiniCrop
hide called. Params: harvestcraft, pambeetCrop
hide called. Params: harvestcraft, pamonionCrop
hide called. Params: harvestcraft, pamparsnipCrop
hide called. Params: harvestcraft, pampeanutCrop
hide called. Params: harvestcraft, pamradishCrop
hide called. Params: harvestcraft, pamrutabagaCrop
hide called. Params: harvestcraft, pamsweetpotatoCrop
hide called. Params: harvestcraft, pamturnipCrop
hide called. Params: harvestcraft, pamrhubarbCrop
hide called. Params: harvestcraft, pamceleryCrop
hide called. Params: harvestcraft, pamgarlicCrop
hide called. Params: harvestcraft, pamgingerCrop
hide called. Params: harvestcraft, pamspiceleafCrop
hide called. Params: harvestcraft, pamtealeafCrop
hide called. Params: harvestcraft, pamcoffeebeanCrop
hide called. Params: harvestcraft, pammustardseedsCrop
hide called. Params: harvestcraft, pambroccoliCrop
hide called. Params: harvestcraft, pamcauliflowerCrop
hide called. Params: harvestcraft, pamleekCrop
hide called. Params: harvestcraft, pamlettuceCrop
hide called. Params: harvestcraft, pamscallionCrop
hide called. Params: harvestcraft, pamartichokeCrop
hide called. Params: harvestcraft, pambrusselsproutCrop
hide called. Params: harvestcraft, pamcabbageCrop
hide called. Params: harvestcraft, pamspinachCrop
hide called. Params: harvestcraft, pamwhitemushroomCrop
hide called. Params: harvestcraft, pambeanCrop
hide called. Params: harvestcraft, pamsoybeanCrop
hide called. Params: harvestcraft, pambellpepperCrop
hide called. Params: harvestcraft, pamchilipepperCrop
hide called. Params: harvestcraft, pameggplantCrop
hide called. Params: harvestcraft, pamokraCrop
hide called. Params: harvestcraft, pampeasCrop
hide called. Params: harvestcraft, pamtomatoCrop
hide called. Params: harvestcraft, pamcottonCrop
hide called. Params: harvestcraft, pampineappleCrop
hide called. Params: harvestcraft, pamgrapeCrop
hide called. Params: harvestcraft, pamkiwiCrop
hide called. Params: harvestcraft, pamcranberryCrop
hide called. Params: harvestcraft, pamriceCrop
hide called. Params: harvestcraft, pamseaweedCrop
Loading: vanilla.js
hide called. Params: minecraft, portal
Regex match found! minecraft:portal matches minecraft:portal.
Found ItemStack minecraft:portal. 64xtile.portal@0
hide called. Params: minecraft, end_portal
Regex match found! minecraft:end_portal matches minecraft:end_portal.
Found ItemStack minecraft:end_portal. 64xtile.null@0
hide called. Params: minecraft, fire
Regex match found! minecraft:fire matches minecraft:fire.
Found ItemStack minecraft:fire. 64xtile.fire@0
hide called. Params: minecraft, water
Regex match found! minecraft:water matches minecraft:water.
Found ItemStack minecraft:water. 64xtile.water@0
hide called. Params: minecraft, lava
Regex match found! minecraft:lava matches minecraft:lava.
Found ItemStack minecraft:lava. 64xtile.lava@0
hide called. Params: minecraft, lit_furnace
Regex match found! minecraft:lit_furnace matches minecraft:lit_furnace.
Found ItemStack minecraft:lit_furnace. 64xtile.furnace@0
Loading: Misc.js
hide called. Params: Aroma1997Core, wrench
Regex match found! Aroma1997Core:wrench matches Aroma1997Core:wrench.
Found ItemStack Aroma1997Core:wrench. 1xitem.aroma1997core:hammer@0
hide called. Params: Aroma1997Core, wrenched
Regex match found! Aroma1997Core:wrenched matches Aroma1997Core:wrenched.
Found ItemStack Aroma1997Core:wrenched. 1xitem.aroma1997core:wrenched@0
override called. Params: BuildCraft|Core, paintbrush, 0
Regex match found! BuildCraft|Core:paintbrush matches BuildCraft|Core:paintbrush.
Found ItemStack BuildCraft|Core:paintbrush. 1xitem.paintbrush@0
hide called. Params: BuildCraft|Transport, pipeBlock
Regex match found! BuildCraft|Transport:pipeBlock matches BuildCraft|Transport:pipeBlock.
Found ItemStack BuildCraft|Transport:pipeBlock. 64xtile.pipeBlock@0
hide called. Params: CarpentersBlocks, blockCarpentersDoor
Regex match found! CarpentersBlocks:blockCarpentersDoor matches CarpentersBlocks:blockCarpentersDoor.
Found ItemStack CarpentersBlocks:blockCarpentersDoor. 64xtile.blockCarpentersDoor@0
hide called. Params: CarpentersBlocks, blockCarpentersBed
Regex match found! CarpentersBlocks:blockCarpentersBed matches CarpentersBlocks:blockCarpentersBed.
Found ItemStack CarpentersBlocks:blockCarpentersBed. 64xtile.blockCarpentersBed@0
hide called. Params: Forestry, crated*
Regex match found! Forestry:crated* matches Forestry:cratedAcaciaSapling.
Regex match found! Forestry:crated* matches Forestry:cratedAcaciaWood.
Regex match found! Forestry:crated* matches Forestry:cratedApatite.
Regex match found! Forestry:crated* matches Forestry:cratedApples.
Regex match found! Forestry:crated* matches Forestry:cratedAsh.
Regex match found! Forestry:crated* matches Forestry:cratedBeeswax.
Regex match found! Forestry:crated* matches Forestry:cratedBirchSapling.
Regex match found! Forestry:crated* matches Forestry:cratedBirchWood.
Regex match found! Forestry:crated* matches Forestry:cratedBogearth.
Regex match found! Forestry:crated* matches Forestry:cratedBrick.
Regex match found! Forestry:crated* matches Forestry:cratedBronze.
Regex match found! Forestry:crated* matches Forestry:cratedCacti.
Regex match found! Forestry:crated* matches Forestry:cratedCarrots.
Regex match found! Forestry:crated* matches Forestry:cratedCharcoal.
Regex match found! Forestry:crated* matches Forestry:cratedCherry.
Regex match found! Forestry:crated* matches Forestry:cratedChestnut.
Regex match found! Forestry:crated* matches Forestry:cratedClay.
Regex match found! Forestry:crated* matches Forestry:cratedCoal.
Regex match found! Forestry:crated* matches Forestry:cratedCobblestone.
Regex match found! Forestry:crated* matches Forestry:cratedCocoaComb.
Regex match found! Forestry:crated* matches Forestry:cratedCookies.
Regex match found! Forestry:crated* matches Forestry:cratedCopper.
Regex match found! Forestry:crated* matches Forestry:cratedCrystallinePollen.
Regex match found! Forestry:crated* matches Forestry:cratedDarkOakSapling.
Regex match found! Forestry:crated* matches Forestry:cratedDarkOakWood.
Regex match found! Forestry:crated* matches Forestry:cratedDates.
Regex match found! Forestry:crated* matches Forestry:cratedDirt.
Regex match found! Forestry:crated* matches Forestry:cratedDrippingCombs.
Regex match found! Forestry:crated* matches Forestry:cratedFertilizer.
Regex match found! Forestry:crated* matches Forestry:cratedFrozenCombs.
Regex match found! Forestry:crated* matches Forestry:cratedGlowstone.
Regex match found! Forestry:crated* matches Forestry:cratedGravel.
Regex match found! Forestry:crated* matches Forestry:cratedHoneycombs.
Regex match found! Forestry:crated* matches Forestry:cratedHoneydew.
Regex match found! Forestry:crated* matches Forestry:cratedHumus.
Regex match found! Forestry:crated* matches Forestry:cratedJungleSapling.
Regex match found! Forestry:crated* matches Forestry:cratedJungleWood.
Regex match found! Forestry:crated* matches Forestry:cratedLapis.
Regex match found! Forestry:crated* matches Forestry:cratedLemon.
Regex match found! Forestry:crated* matches Forestry:cratedMellowCombs.
Regex match found! Forestry:crated* matches Forestry:cratedMossyCombs.
Regex match found! Forestry:crated* matches Forestry:cratedMulch.
Regex match found! Forestry:crated* matches Forestry:cratedMycelium.
Regex match found! Forestry:crated* matches Forestry:cratedMysteriousCombs.
Regex match found! Forestry:crated* matches Forestry:cratedNaturaBarley.
Regex match found! Forestry:crated* matches Forestry:cratedNaturaBerryBlack.
Regex match found! Forestry:crated* matches Forestry:cratedNaturaBerryBlight.
Regex match found! Forestry:crated* matches Forestry:cratedNaturaBerryBlue.
Regex match found! Forestry:crated* matches Forestry:cratedNaturaBerryDusk.
Regex match found! Forestry:crated* matches Forestry:cratedNaturaBerryMalo.
Regex match found! Forestry:crated* matches Forestry:cratedNaturaBerryRasp.
Regex match found! Forestry:crated* matches Forestry:cratedNaturaBerrySky.
Regex match found! Forestry:crated* matches Forestry:cratedNaturaBerrySting.
Regex match found! Forestry:crated* matches Forestry:cratedNaturaBlockHeatsand.
Regex match found! Forestry:crated* matches Forestry:cratedNaturaBlockTainted.
Regex match found! Forestry:crated* matches Forestry:cratedNaturaBlueGlowshroom.
Regex match found! Forestry:crated* matches Forestry:cratedNaturaGreenGlowshroom.
Regex match found! Forestry:crated* matches Forestry:cratedNaturaLogBloodwood.
Regex match found! Forestry:crated* matches Forestry:cratedNaturaLogDarkwood.
Regex match found! Forestry:crated* matches Forestry:cratedNaturaLogEucalyptus.
Regex match found! Forestry:crated* matches Forestry:cratedNaturaLogFusewood.
Regex match found! Forestry:crated* matches Forestry:cratedNaturaLogGhostwood.
Regex match found! Forestry:crated* matches Forestry:cratedNaturaLogHopseed.
Regex match found! Forestry:crated* matches Forestry:cratedNaturaLogSakura.
Regex match found! Forestry:crated* matches Forestry:cratedNaturaLogWillow.
Regex match found! Forestry:crated* matches Forestry:cratedNaturaPotashApple.
Regex match found! Forestry:crated* matches Forestry:cratedNaturaPurpleGlowshroom.
Regex match found! Forestry:crated* matches Forestry:cratedNaturaSaplingBlood.
Regex match found! Forestry:crated* matches Forestry:cratedNaturaSaplingDarkwood.
Regex match found! Forestry:crated* matches Forestry:cratedNaturaSaplingEucalyptus.
Regex match found! Forestry:crated* matches Forestry:cratedNaturaSaplingFusewood.
Regex match found! Forestry:crated* matches Forestry:cratedNaturaSaplingGhostwood.
Regex match found! Forestry:crated* matches Forestry:cratedNaturaSaplingHopseed.
Regex match found! Forestry:crated* matches Forestry:cratedNaturaSaplingMaple.
Regex match found! Forestry:crated* matches Forestry:cratedNaturaSaplingPurpleheart.
Regex match found! Forestry:crated* matches Forestry:cratedNaturaSaplingRedwood.
Regex match found! Forestry:crated* matches Forestry:cratedNaturaSaplingSakura.
Regex match found! Forestry:crated* matches Forestry:cratedNaturaSaplingSilverbell.
Regex match found! Forestry:crated* matches Forestry:cratedNaturaSaplingTiger.
Regex match found! Forestry:crated* matches Forestry:cratedNaturaSaplingWillow.
Regex match found! Forestry:crated* matches Forestry:cratedNetherbrick.
Regex match found! Forestry:crated* matches Forestry:cratedNetherrack.
Regex match found! Forestry:crated* matches Forestry:cratedNetherwart.
Regex match found! Forestry:crated* matches Forestry:cratedObsidian.
Regex match found! Forestry:crated* matches Forestry:cratedPapaya.
Regex match found! Forestry:crated* matches Forestry:cratedParchedCombs.
Regex match found! Forestry:crated* matches Forestry:cratedPeat.
Regex match found! Forestry:crated* matches Forestry:cratedPhosphor.
Regex match found! Forestry:crated* matches Forestry:cratedPlum.
Regex match found! Forestry:crated* matches Forestry:cratedPodzol.
Regex match found! Forestry:crated* matches Forestry:cratedPollen.
Regex match found! Forestry:crated* matches Forestry:cratedPotatoes.
Regex match found! Forestry:crated* matches Forestry:cratedPowderyCombs.
Regex match found! Forestry:crated* matches Forestry:cratedPropolis.
Regex match found! Forestry:crated* matches Forestry:cratedRedSand.
Regex match found! Forestry:crated* matches Forestry:cratedRedstone.
Regex match found! Forestry:crated* matches Forestry:cratedReeds.
Regex match found! Forestry:crated* matches Forestry:cratedRefractoryWax.
Regex match found! Forestry:crated* matches Forestry:cratedRoyalJelly.
Regex match found! Forestry:crated* matches Forestry:cratedSand.
Regex match found! Forestry:crated* matches Forestry:cratedSandstone.
Regex match found! Forestry:crated* matches Forestry:cratedSaplings.
Regex match found! Forestry:crated* matches Forestry:cratedSeeds.
Regex match found! Forestry:crated* matches Forestry:cratedSilkyCombs.
Regex match found! Forestry:crated* matches Forestry:cratedSimmeringCombs.
Regex match found! Forestry:crated* matches Forestry:cratedSoulsand.
Regex match found! Forestry:crated* matches Forestry:cratedSpruceSapling.
Regex match found! Forestry:crated* matches Forestry:cratedSpruceWood.
Regex match found! Forestry:crated* matches Forestry:cratedStone.
Regex match found! Forestry:crated* matches Forestry:cratedStringyCombs.
Regex match found! Forestry:crated* matches Forestry:cratedTin.
Regex match found! Forestry:crated* matches Forestry:cratedWalnut.
Regex match found! Forestry:crated* matches Forestry:cratedWheat.
Regex match found! Forestry:crated* matches Forestry:cratedWheatenCombs.
Regex match found! Forestry:crated* matches Forestry:cratedWood.
Found ItemStack Forestry:cratedAcaciaSapling. 64xitem.cratedAcaciaSapling@0
Found ItemStack Forestry:cratedAcaciaWood. 64xitem.cratedAcaciaWood@0
Found ItemStack Forestry:cratedApatite. 64xitem.cratedApatite@0
Found ItemStack Forestry:cratedApples. 64xitem.cratedApples@0
Found ItemStack Forestry:cratedAsh. 64xitem.cratedAsh@0
Found ItemStack Forestry:cratedBeeswax. 64xitem.cratedBeeswax@0
Found ItemStack Forestry:cratedBirchSapling. 64xitem.cratedBirchSapling@0
Found ItemStack Forestry:cratedBirchWood. 64xitem.cratedBirchWood@0
Found ItemStack Forestry:cratedBogearth. 64xitem.cratedBogearth@0
Found ItemStack Forestry:cratedBrick. 64xitem.cratedBrick@0
Found ItemStack Forestry:cratedBronze. 64xitem.cratedBronze@0
Found ItemStack Forestry:cratedCacti. 64xitem.cratedCacti@0
Found ItemStack Forestry:cratedCarrots. 64xitem.cratedCarrots@0
Found ItemStack Forestry:cratedCharcoal. 64xitem.cratedCharcoal@0
Found ItemStack Forestry:cratedCherry. 64xitem.cratedCherry@0
Found ItemStack Forestry:cratedChestnut. 64xitem.cratedChestnut@0
Found ItemStack Forestry:cratedClay. 64xitem.cratedClay@0
Found ItemStack Forestry:cratedCoal. 64xitem.cratedCoal@0
Found ItemStack Forestry:cratedCobblestone. 64xitem.cratedCobblestone@0
Found ItemStack Forestry:cratedCocoaComb. 64xitem.cratedCocoaComb@0
Found ItemStack Forestry:cratedCookies. 64xitem.cratedCookies@0
Found ItemStack Forestry:cratedCopper. 64xitem.cratedCopper@0
Found ItemStack Forestry:cratedCrystallinePollen. 64xitem.cratedCrystallinePollen@0
Found ItemStack Forestry:cratedDarkOakSapling. 64xitem.cratedDarkOakSapling@0
Found ItemStack Forestry:cratedDarkOakWood. 64xitem.cratedDarkOakWood@0
Found ItemStack Forestry:cratedDates. 64xitem.cratedDates@0
Found ItemStack Forestry:cratedDirt. 64xitem.cratedDirt@0
Found ItemStack Forestry:cratedDrippingCombs. 64xitem.cratedDrippingCombs@0
Found ItemStack Forestry:cratedFertilizer. 64xitem.cratedFertilizer@0
Found ItemStack Forestry:cratedFrozenCombs. 64xitem.cratedFrozenCombs@0
Found ItemStack Forestry:cratedGlowstone. 64xitem.cratedGlowstone@0
Found ItemStack Forestry:cratedGravel. 64xitem.cratedGravel@0
Found ItemStack Forestry:cratedHoneycombs. 64xitem.cratedHoneycombs@0
Found ItemStack Forestry:cratedHoneydew. 64xitem.cratedHoneydew@0
Found ItemStack Forestry:cratedHumus. 64xitem.cratedHumus@0
Found ItemStack Forestry:cratedJungleSapling. 64xitem.cratedJungleSapling@0
Found ItemStack Forestry:cratedJungleWood. 64xitem.cratedJungleWood@0
Found ItemStack Forestry:cratedLapis. 64xitem.cratedLapis@0
Found ItemStack Forestry:cratedLemon. 64xitem.cratedLemon@0
Found ItemStack Forestry:cratedMellowCombs. 64xitem.cratedMellowCombs@0
Found ItemStack Forestry:cratedMossyCombs. 64xitem.cratedMossyCombs@0
Found ItemStack Forestry:cratedMulch. 64xitem.cratedMulch@0
Found ItemStack Forestry:cratedMycelium. 64xitem.cratedMycelium@0
Found ItemStack Forestry:cratedMysteriousCombs. 64xitem.cratedMysteriousCombs@0
Found ItemStack Forestry:cratedNaturaBarley. 64xitem.cratedNaturaBarley@0
Found ItemStack Forestry:cratedNaturaBerryBlack. 64xitem.cratedNaturaBerryBlack@0
Found ItemStack Forestry:cratedNaturaBerryBlight. 64xitem.cratedNaturaBerryBlight@0
Found ItemStack Forestry:cratedNaturaBerryBlue. 64xitem.cratedNaturaBerryBlue@0
Found ItemStack Forestry:cratedNaturaBerryDusk. 64xitem.cratedNaturaBerryDusk@0
Found ItemStack Forestry:cratedNaturaBerryMalo. 64xitem.cratedNaturaBerryMalo@0
Found ItemStack Forestry:cratedNaturaBerryRasp. 64xitem.cratedNaturaBerryRasp@0
Found ItemStack Forestry:cratedNaturaBerrySky. 64xitem.cratedNaturaBerrySky@0
Found ItemStack Forestry:cratedNaturaBerrySting. 64xitem.cratedNaturaBerrySting@0
Found ItemStack Forestry:cratedNaturaBlockHeatsand. 64xitem.cratedNaturaBlockHeatsand@0
Found ItemStack Forestry:cratedNaturaBlockTainted. 64xitem.cratedNaturaBlockTainted@0
Found ItemStack Forestry:cratedNaturaBlueGlowshroom. 64xitem.cratedNaturaBlueGlowshroom@0
Found ItemStack Forestry:cratedNaturaGreenGlowshroom. 64xitem.cratedNaturaGreenGlowshroom@0
Found ItemStack Forestry:cratedNaturaLogBloodwood. 64xitem.cratedNaturaLogBloodwood@0
Found ItemStack Forestry:cratedNaturaLogDarkwood. 64xitem.cratedNaturaLogDarkwood@0
Found ItemStack Forestry:cratedNaturaLogEucalyptus. 64xitem.cratedNaturaLogEucalyptus@0
Found ItemStack Forestry:cratedNaturaLogFusewood. 64xitem.cratedNaturaLogFusewood@0
Found ItemStack Forestry:cratedNaturaLogGhostwood. 64xitem.cratedNaturaLogGhostwood@0
Found ItemStack Forestry:cratedNaturaLogHopseed. 64xitem.cratedNaturaLogHopseed@0
Found ItemStack Forestry:cratedNaturaLogSakura. 64xitem.cratedNaturaLogSakura@0
Found ItemStack Forestry:cratedNaturaLogWillow. 64xitem.cratedNaturaLogWillow@0
Found ItemStack Forestry:cratedNaturaPotashApple. 64xitem.cratedNaturaPotashApple@0
Found ItemStack Forestry:cratedNaturaPurpleGlowshroom. 64xitem.cratedNaturaPurpleGlowshroom@0
Found ItemStack Forestry:cratedNaturaSaplingBlood. 64xitem.cratedNaturaSaplingBlood@0
Found ItemStack Forestry:cratedNaturaSaplingDarkwood. 64xitem.cratedNaturaSaplingDarkwood@0
Found ItemStack Forestry:cratedNaturaSaplingEucalyptus. 64xitem.cratedNaturaSaplingEucalyptus@0
Found ItemStack Forestry:cratedNaturaSaplingFusewood. 64xitem.cratedNaturaSaplingFusewood@0
Found ItemStack Forestry:cratedNaturaSaplingGhostwood. 64xitem.cratedNaturaSaplingGhostwood@0
Found ItemStack Forestry:cratedNaturaSaplingHopseed. 64xitem.cratedNaturaSaplingHopseed@0
Found ItemStack Forestry:cratedNaturaSaplingMaple. 64xitem.cratedNaturaSaplingMaple@0
Found ItemStack Forestry:cratedNaturaSaplingPurpleheart. 64xitem.cratedNaturaSaplingPurpleheart@0
Found ItemStack Forestry:cratedNaturaSaplingRedwood. 64xitem.cratedNaturaSaplingRedwood@0
Found ItemStack Forestry:cratedNaturaSaplingSakura. 64xitem.cratedNaturaSaplingSakura@0
Found ItemStack Forestry:cratedNaturaSaplingSilverbell. 64xitem.cratedNaturaSaplingSilverbell@0
Found ItemStack Forestry:cratedNaturaSaplingTiger. 64xitem.cratedNaturaSaplingTiger@0
Found ItemStack Forestry:cratedNaturaSaplingWillow. 64xitem.cratedNaturaSaplingWillow@0
Found ItemStack Forestry:cratedNetherbrick. 64xitem.cratedNetherbrick@0
Found ItemStack Forestry:cratedNetherrack. 64xitem.cratedNetherrack@0
Found ItemStack Forestry:cratedNetherwart. 64xitem.cratedNetherwart@0
Found ItemStack Forestry:cratedObsidian. 64xitem.cratedObsidian@0
Found ItemStack Forestry:cratedPapaya. 64xitem.cratedPapaya@0
Found ItemStack Forestry:cratedParchedCombs. 64xitem.cratedParchedCombs@0
Found ItemStack Forestry:cratedPeat. 64xitem.cratedPeat@0
Found ItemStack Forestry:cratedPhosphor. 64xitem.cratedPhosphor@0
Found ItemStack Forestry:cratedPlum. 64xitem.cratedPlum@0
Found ItemStack Forestry:cratedPodzol. 64xitem.cratedPodzol@0
Found ItemStack Forestry:cratedPollen. 64xitem.cratedPollen@0
Found ItemStack Forestry:cratedPotatoes. 64xitem.cratedPotatoes@0
Found ItemStack Forestry:cratedPowderyCombs. 64xitem.cratedPowderyCombs@0
Found ItemStack Forestry:cratedPropolis. 64xitem.cratedPropolis@0
Found ItemStack Forestry:cratedRedSand. 64xitem.cratedRedSand@0
Found ItemStack Forestry:cratedRedstone. 64xitem.cratedRedstone@0
Found ItemStack Forestry:cratedReeds. 64xitem.cratedReeds@0
Found ItemStack Forestry:cratedRefractoryWax. 64xitem.cratedRefractoryWax@0
Found ItemStack Forestry:cratedRoyalJelly. 64xitem.cratedRoyalJelly@0
Found ItemStack Forestry:cratedSand. 64xitem.cratedSand@0
Found ItemStack Forestry:cratedSandstone. 64xitem.cratedSandstone@0
Found ItemStack Forestry:cratedSaplings. 64xitem.cratedSaplings@0
Found ItemStack Forestry:cratedSeeds. 64xitem.cratedSeeds@0
Found ItemStack Forestry:cratedSilkyCombs. 64xitem.cratedSilkyCombs@0
Found ItemStack Forestry:cratedSimmeringCombs. 64xitem.cratedSimmeringCombs@0
Found ItemStack Forestry:cratedSoulsand. 64xitem.cratedSoulsand@0
Found ItemStack Forestry:cratedSpruceSapling. 64xitem.cratedSpruceSapling@0
Found ItemStack Forestry:cratedSpruceWood. 64xitem.cratedSpruceWood@0
Found ItemStack Forestry:cratedStone. 64xitem.cratedStone@0
Found ItemStack Forestry:cratedStringyCombs. 64xitem.cratedStringyCombs@0
Found ItemStack Forestry:cratedTin. 64xitem.cratedTin@0
Found ItemStack Forestry:cratedWalnut. 64xitem.cratedWalnut@0
Found ItemStack Forestry:cratedWheat. 64xitem.cratedWheat@0
Found ItemStack Forestry:cratedWheatenCombs. 64xitem.cratedWheatenCombs@0
Found ItemStack Forestry:cratedWood. 64xitem.cratedWood@0
override called. Params: Forestry, ffarm, 0,2,3,4,5
Regex match found! Forestry:ffarm matches Forestry:ffarm.
Found ItemStack Forestry:ffarm. 64xtile.for.ffarm@0
